\BOOKMARK [0][-]{chapter.1}{\376\377\0001\000\040\000H\000i\000e\000r\000a\000r\000c\000h\000i\000c\000a\000l\000\040\000I\000n\000d\000e\000x}{}% 1
\BOOKMARK [1][-]{section.1.1}{\376\377\0001\000.\0001\000\040\000C\000l\000a\000s\000s\000\040\000H\000i\000e\000r\000a\000r\000c\000h\000y}{chapter.1}% 2
\BOOKMARK [0][-]{chapter.2}{\376\377\0002\000\040\000C\000l\000a\000s\000s\000\040\000I\000n\000d\000e\000x}{}% 3
\BOOKMARK [1][-]{section.2.1}{\376\377\0002\000.\0001\000\040\000C\000l\000a\000s\000s\000\040\000L\000i\000s\000t}{chapter.2}% 4
\BOOKMARK [0][-]{chapter.3}{\376\377\0003\000\040\000F\000i\000l\000e\000\040\000I\000n\000d\000e\000x}{}% 5
\BOOKMARK [1][-]{section.3.1}{\376\377\0003\000.\0001\000\040\000F\000i\000l\000e\000\040\000L\000i\000s\000t}{chapter.3}% 6
\BOOKMARK [0][-]{chapter.4}{\376\377\0004\000\040\000C\000l\000a\000s\000s\000\040\000D\000o\000c\000u\000m\000e\000n\000t\000a\000t\000i\000o\000n}{}% 7
\BOOKMARK [1][-]{section.4.1}{\376\377\0004\000.\0001\000\040\000r\000a\000y\000m\000i\000i\000:\000:\000C\000o\000m\000m\000a\000n\000d\000\040\000C\000l\000a\000s\000s\000\040\000R\000e\000f\000e\000r\000e\000n\000c\000e}{chapter.4}% 8
\BOOKMARK [2][-]{subsection.4.1.1}{\376\377\0004\000.\0001\000.\0001\000\040\000M\000e\000m\000b\000e\000r\000\040\000F\000u\000n\000c\000t\000i\000o\000n\000\040\000D\000o\000c\000u\000m\000e\000n\000t\000a\000t\000i\000o\000n}{section.4.1}% 9
\BOOKMARK [3][-]{subsubsection.4.1.1.1}{\376\377\0004\000.\0001\000.\0001\000.\0001\000\040\000e\000x\000e\000c\000\050\000\051}{subsection.4.1.1}% 10
\BOOKMARK [1][-]{section.4.2}{\376\377\0004\000.\0002\000\040\000r\000a\000y\000m\000i\000i\000:\000:\000C\000o\000m\000m\000a\000n\000d\000R\000e\000s\000u\000l\000t\000\040\000S\000t\000r\000u\000c\000t\000\040\000R\000e\000f\000e\000r\000e\000n\000c\000e}{chapter.4}% 11
\BOOKMARK [1][-]{section.4.3}{\376\377\0004\000.\0003\000\040\000D\000a\000t\000e\000T\000i\000m\000e\000\040\000C\000l\000a\000s\000s\000\040\000R\000e\000f\000e\000r\000e\000n\000c\000e}{chapter.4}% 12
\BOOKMARK [2][-]{subsection.4.3.1}{\376\377\0004\000.\0003\000.\0001\000\040\000D\000e\000t\000a\000i\000l\000e\000d\000\040\000D\000e\000s\000c\000r\000i\000p\000t\000i\000o\000n}{section.4.3}% 13
\BOOKMARK [2][-]{subsection.4.3.2}{\376\377\0004\000.\0003\000.\0002\000\040\000M\000e\000m\000b\000e\000r\000\040\000F\000u\000n\000c\000t\000i\000o\000n\000\040\000D\000o\000c\000u\000m\000e\000n\000t\000a\000t\000i\000o\000n}{section.4.3}% 14
\BOOKMARK [3][-]{subsubsection.4.3.2.1}{\376\377\0004\000.\0003\000.\0002\000.\0001\000\040\000C\000u\000r\000r\000e\000n\000t\000D\000a\000t\000e\000\050\000\051}{subsection.4.3.2}% 15
\BOOKMARK [3][-]{subsubsection.4.3.2.2}{\376\377\0004\000.\0003\000.\0002\000.\0002\000\040\000C\000u\000r\000r\000e\000n\000t\000T\000i\000m\000e\000\050\000\051}{subsection.4.3.2}% 16
\BOOKMARK [3][-]{subsubsection.4.3.2.3}{\376\377\0004\000.\0003\000.\0002\000.\0003\000\040\000D\000a\000y\000\050\000\051}{subsection.4.3.2}% 17
\BOOKMARK [3][-]{subsubsection.4.3.2.4}{\376\377\0004\000.\0003\000.\0002\000.\0004\000\040\000H\000o\000u\000r\000\050\000\051}{subsection.4.3.2}% 18
\BOOKMARK [3][-]{subsubsection.4.3.2.5}{\376\377\0004\000.\0003\000.\0002\000.\0005\000\040\000M\000i\000n\000\050\000\051}{subsection.4.3.2}% 19
\BOOKMARK [3][-]{subsubsection.4.3.2.6}{\376\377\0004\000.\0003\000.\0002\000.\0006\000\040\000M\000o\000n\000t\000h\000\050\000\051}{subsection.4.3.2}% 20
\BOOKMARK [3][-]{subsubsection.4.3.2.7}{\376\377\0004\000.\0003\000.\0002\000.\0007\000\040\000S\000e\000c\000\050\000\051}{subsection.4.3.2}% 21
\BOOKMARK [3][-]{subsubsection.4.3.2.8}{\376\377\0004\000.\0003\000.\0002\000.\0008\000\040\000Y\000e\000a\000r\000\050\000\051}{subsection.4.3.2}% 22
\BOOKMARK [1][-]{section.4.4}{\376\377\0004\000.\0004\000\040\000F\000o\000r\000m\000a\000t\000\040\000C\000l\000a\000s\000s\000\040\000R\000e\000f\000e\000r\000e\000n\000c\000e}{chapter.4}% 23
\BOOKMARK [2][-]{subsection.4.4.1}{\376\377\0004\000.\0004\000.\0001\000\040\000D\000e\000t\000a\000i\000l\000e\000d\000\040\000D\000e\000s\000c\000r\000i\000p\000t\000i\000o\000n}{section.4.4}% 24
\BOOKMARK [2][-]{subsection.4.4.2}{\376\377\0004\000.\0004\000.\0002\000\040\000M\000e\000m\000b\000e\000r\000\040\000F\000u\000n\000c\000t\000i\000o\000n\000\040\000D\000o\000c\000u\000m\000e\000n\000t\000a\000t\000i\000o\000n}{section.4.4}% 25
\BOOKMARK [3][-]{subsubsection.4.4.2.1}{\376\377\0004\000.\0004\000.\0002\000.\0001\000\040\000D\000a\000t\000e\000\050\000\051}{subsection.4.4.2}% 26
\BOOKMARK [3][-]{subsubsection.4.4.2.2}{\376\377\0004\000.\0004\000.\0002\000.\0002\000\040\000D\000e\000c\000i\000m\000a\000l\000\050\000\051}{subsection.4.4.2}% 27
\BOOKMARK [3][-]{subsubsection.4.4.2.3}{\376\377\0004\000.\0004\000.\0002\000.\0003\000\040\000E\000l\000a\000p\000s\000e\000d\000T\000i\000m\000e\000\050\000\051}{subsection.4.4.2}% 28
\BOOKMARK [3][-]{subsubsection.4.4.2.4}{\376\377\0004\000.\0004\000.\0002\000.\0004\000\040\000P\000e\000r\000c\000e\000n\000t\000a\000g\000e\000\050\000\051}{subsection.4.4.2}% 29
\BOOKMARK [3][-]{subsubsection.4.4.2.5}{\376\377\0004\000.\0004\000.\0002\000.\0005\000\040\000T\000i\000m\000e\000\050\000\051}{subsection.4.4.2}% 30
\BOOKMARK [1][-]{section.4.5}{\376\377\0004\000.\0005\000\040\000M\000a\000i\000n\000W\000i\000n\000d\000o\000w\000\040\000C\000l\000a\000s\000s\000\040\000R\000e\000f\000e\000r\000e\000n\000c\000e}{chapter.4}% 31
\BOOKMARK [1][-]{section.4.6}{\376\377\0004\000.\0006\000\040\000M\000e\000m\000o\000r\000y\000\040\000C\000l\000a\000s\000s\000\040\000R\000e\000f\000e\000r\000e\000n\000c\000e}{chapter.4}% 32
\BOOKMARK [2][-]{subsection.4.6.1}{\376\377\0004\000.\0006\000.\0001\000\040\000D\000e\000t\000a\000i\000l\000e\000d\000\040\000D\000e\000s\000c\000r\000i\000p\000t\000i\000o\000n}{section.4.6}% 33
\BOOKMARK [2][-]{subsection.4.6.2}{\376\377\0004\000.\0006\000.\0002\000\040\000M\000e\000m\000b\000e\000r\000\040\000F\000u\000n\000c\000t\000i\000o\000n\000\040\000D\000o\000c\000u\000m\000e\000n\000t\000a\000t\000i\000o\000n}{section.4.6}% 34
\BOOKMARK [3][-]{subsubsection.4.6.2.1}{\376\377\0004\000.\0006\000.\0002\000.\0001\000\040\000T\000o\000t\000a\000l\000M\000e\000m\000o\000r\000y\000\050\000\051}{subsection.4.6.2}% 35
\BOOKMARK [3][-]{subsubsection.4.6.2.2}{\376\377\0004\000.\0006\000.\0002\000.\0002\000\040\000U\000s\000e\000d\000M\000e\000m\000o\000r\000y\000\050\000\051}{subsection.4.6.2}% 36
\BOOKMARK [3][-]{subsubsection.4.6.2.3}{\376\377\0004\000.\0006\000.\0002\000.\0003\000\040\000U\000t\000i\000l\000i\000s\000a\000t\000i\000o\000n\000\050\000\051}{subsection.4.6.2}% 37
\BOOKMARK [1][-]{section.4.7}{\376\377\0004\000.\0007\000\040\000P\000o\000w\000e\000r\000\040\000C\000l\000a\000s\000s\000\040\000R\000e\000f\000e\000r\000e\000n\000c\000e}{chapter.4}% 38
\BOOKMARK [2][-]{subsection.4.7.1}{\376\377\0004\000.\0007\000.\0001\000\040\000D\000e\000t\000a\000i\000l\000e\000d\000\040\000D\000e\000s\000c\000r\000i\000p\000t\000i\000o\000n}{section.4.7}% 39
\BOOKMARK [2][-]{subsection.4.7.2}{\376\377\0004\000.\0007\000.\0002\000\040\000M\000e\000m\000b\000e\000r\000\040\000F\000u\000n\000c\000t\000i\000o\000n\000\040\000D\000o\000c\000u\000m\000e\000n\000t\000a\000t\000i\000o\000n}{section.4.7}% 40
\BOOKMARK [3][-]{subsubsection.4.7.2.1}{\376\377\0004\000.\0007\000.\0002\000.\0001\000\040\000C\000u\000r\000r\000H\000o\000u\000r\000E\000n\000e\000r\000g\000y\000U\000s\000a\000g\000e\000\050\000\051}{subsection.4.7.2}% 41
\BOOKMARK [3][-]{subsubsection.4.7.2.2}{\376\377\0004\000.\0007\000.\0002\000.\0002\000\040\000C\000u\000r\000r\000P\000o\000w\000e\000r\000U\000s\000a\000g\000e\000\050\000\051}{subsection.4.7.2}% 42
\BOOKMARK [3][-]{subsubsection.4.7.2.3}{\376\377\0004\000.\0007\000.\0002\000.\0003\000\040\000H\000o\000u\000r\000s\000E\000n\000e\000r\000g\000y\000U\000s\000a\000g\000e\000s\000\050\000\051\000\040\000[\0001\000/\0002\000]}{subsection.4.7.2}% 43
\BOOKMARK [3][-]{subsubsection.4.7.2.4}{\376\377\0004\000.\0007\000.\0002\000.\0004\000\040\000H\000o\000u\000r\000s\000E\000n\000e\000r\000g\000y\000U\000s\000a\000g\000e\000s\000\050\000\051\000\040\000[\0002\000/\0002\000]}{subsection.4.7.2}% 44
\BOOKMARK [3][-]{subsubsection.4.7.2.5}{\376\377\0004\000.\0007\000.\0002\000.\0005\000\040\000R\000e\000s\000e\000t\000L\000o\000g\000V\000e\000c\000t\000o\000r\000\050\000\051}{subsection.4.7.2}% 45
\BOOKMARK [3][-]{subsubsection.4.7.2.6}{\376\377\0004\000.\0007\000.\0002\000.\0006\000\040\000S\000e\000t\000E\000x\000t\000r\000a\000\050\000\051}{subsection.4.7.2}% 46
\BOOKMARK [3][-]{subsubsection.4.7.2.7}{\376\377\0004\000.\0007\000.\0002\000.\0007\000\040\000S\000e\000t\000L\000o\000g\000V\000e\000c\000t\000o\000r\000\050\000\051}{subsection.4.7.2}% 47
\BOOKMARK [3][-]{subsubsection.4.7.2.8}{\376\377\0004\000.\0007\000.\0002\000.\0008\000\040\000T\000o\000t\000a\000l\000E\000n\000e\000r\000g\000y\000U\000s\000a\000g\000e\000\050\000\051}{subsection.4.7.2}% 48
\BOOKMARK [3][-]{subsubsection.4.7.2.9}{\376\377\0004\000.\0007\000.\0002\000.\0009\000\040\000U\000p\000d\000a\000t\000e\000L\000o\000g\000V\000e\000c\000t\000o\000r\000\050\000\051}{subsection.4.7.2}% 49
\BOOKMARK [3][-]{subsubsection.4.7.2.10}{\376\377\0004\000.\0007\000.\0002\000.\0001\0000\000\040\000U\000p\000d\000a\000t\000e\000P\000o\000w\000e\000r\000A\000n\000d\000E\000n\000e\000r\000g\000y\000U\000s\000a\000g\000e\000\050\000\051}{subsection.4.7.2}% 50
\BOOKMARK [3][-]{subsubsection.4.7.2.11}{\376\377\0004\000.\0007\000.\0002\000.\0001\0001\000\040\000U\000p\000d\000a\000t\000e\000P\000r\000e\000v\000H\000o\000u\000r\000s\000E\000n\000e\000r\000g\000y\000\050\000\051}{subsection.4.7.2}% 51
\BOOKMARK [1][-]{section.4.8}{\376\377\0004\000.\0008\000\040\000P\000o\000w\000e\000r\000D\000A\000O\000\040\000C\000l\000a\000s\000s\000\040\000R\000e\000f\000e\000r\000e\000n\000c\000e}{chapter.4}% 52
\BOOKMARK [2][-]{subsection.4.8.1}{\376\377\0004\000.\0008\000.\0001\000\040\000D\000e\000t\000a\000i\000l\000e\000d\000\040\000D\000e\000s\000c\000r\000i\000p\000t\000i\000o\000n}{section.4.8}% 53
\BOOKMARK [2][-]{subsection.4.8.2}{\376\377\0004\000.\0008\000.\0002\000\040\000M\000e\000m\000b\000e\000r\000\040\000F\000u\000n\000c\000t\000i\000o\000n\000\040\000D\000o\000c\000u\000m\000e\000n\000t\000a\000t\000i\000o\000n}{section.4.8}% 54
\BOOKMARK [3][-]{subsubsection.4.8.2.1}{\376\377\0004\000.\0008\000.\0002\000.\0001\000\040\000H\000o\000u\000r\000s\000E\000n\000e\000r\000g\000y\000U\000s\000a\000g\000e\000s\000\050\000\051}{subsection.4.8.2}% 55
\BOOKMARK [3][-]{subsubsection.4.8.2.2}{\376\377\0004\000.\0008\000.\0002\000.\0002\000\040\000I\000n\000i\000t\000D\000a\000y\000s\000L\000o\000g\000F\000i\000l\000e\000\050\000\051}{subsection.4.8.2}% 56
\BOOKMARK [3][-]{subsubsection.4.8.2.3}{\376\377\0004\000.\0008\000.\0002\000.\0003\000\040\000I\000n\000i\000t\000H\000o\000u\000r\000s\000L\000o\000g\000F\000i\000l\000e\000\050\000\051}{subsection.4.8.2}% 57
\BOOKMARK [3][-]{subsubsection.4.8.2.4}{\376\377\0004\000.\0008\000.\0002\000.\0004\000\040\000L\000a\000s\000t\000L\000o\000g\000g\000e\000d\000D\000a\000t\000e\000\050\000\051}{subsection.4.8.2}% 58
\BOOKMARK [3][-]{subsubsection.4.8.2.5}{\376\377\0004\000.\0008\000.\0002\000.\0005\000\040\000L\000a\000s\000t\000N\000D\000a\000y\000s\000E\000n\000e\000r\000g\000y\000U\000s\000a\000g\000e\000\050\000\051}{subsection.4.8.2}% 59
\BOOKMARK [3][-]{subsubsection.4.8.2.6}{\376\377\0004\000.\0008\000.\0002\000.\0006\000\040\000U\000p\000d\000a\000t\000e\000D\000a\000y\000s\000L\000o\000g\000F\000i\000l\000e\000\050\000\051}{subsection.4.8.2}% 60
\BOOKMARK [3][-]{subsubsection.4.8.2.7}{\376\377\0004\000.\0008\000.\0002\000.\0007\000\040\000U\000p\000d\000a\000t\000e\000H\000o\000u\000r\000s\000L\000o\000g\000F\000i\000l\000e\000\050\000\051}{subsection.4.8.2}% 61
\BOOKMARK [1][-]{section.4.9}{\376\377\0004\000.\0009\000\040\000P\000r\000o\000c\000e\000s\000s\000\040\000C\000l\000a\000s\000s\000\040\000R\000e\000f\000e\000r\000e\000n\000c\000e}{chapter.4}% 62
\BOOKMARK [2][-]{subsection.4.9.1}{\376\377\0004\000.\0009\000.\0001\000\040\000D\000e\000t\000a\000i\000l\000e\000d\000\040\000D\000e\000s\000c\000r\000i\000p\000t\000i\000o\000n}{section.4.9}% 63
\BOOKMARK [2][-]{subsection.4.9.2}{\376\377\0004\000.\0009\000.\0002\000\040\000M\000e\000m\000b\000e\000r\000\040\000F\000u\000n\000c\000t\000i\000o\000n\000\040\000D\000o\000c\000u\000m\000e\000n\000t\000a\000t\000i\000o\000n}{section.4.9}% 64
\BOOKMARK [3][-]{subsubsection.4.9.2.1}{\376\377\0004\000.\0009\000.\0002\000.\0001\000\040\000C\000o\000m\000m\000a\000n\000d\000\050\000\051}{subsection.4.9.2}% 65
\BOOKMARK [3][-]{subsubsection.4.9.2.2}{\376\377\0004\000.\0009\000.\0002\000.\0002\000\040\000C\000p\000u\000U\000t\000i\000l\000i\000s\000a\000t\000i\000o\000n\000\050\000\051}{subsection.4.9.2}% 66
\BOOKMARK [3][-]{subsubsection.4.9.2.3}{\376\377\0004\000.\0009\000.\0002\000.\0003\000\040\000o\000p\000e\000r\000a\000t\000o\000r\000<\000\050\000\051}{subsection.4.9.2}% 67
\BOOKMARK [3][-]{subsubsection.4.9.2.4}{\376\377\0004\000.\0009\000.\0002\000.\0004\000\040\000o\000p\000e\000r\000a\000t\000o\000r\000>\000\050\000\051}{subsection.4.9.2}% 68
\BOOKMARK [3][-]{subsubsection.4.9.2.5}{\376\377\0004\000.\0009\000.\0002\000.\0005\000\040\000P\000i\000d\000\050\000\051}{subsection.4.9.2}% 69
\BOOKMARK [3][-]{subsubsection.4.9.2.6}{\376\377\0004\000.\0009\000.\0002\000.\0006\000\040\000R\000a\000m\000\050\000\051}{subsection.4.9.2}% 70
\BOOKMARK [3][-]{subsubsection.4.9.2.7}{\376\377\0004\000.\0009\000.\0002\000.\0007\000\040\000S\000e\000t\000C\000o\000m\000m\000a\000n\000d\000\050\000\051}{subsection.4.9.2}% 71
\BOOKMARK [3][-]{subsubsection.4.9.2.8}{\376\377\0004\000.\0009\000.\0002\000.\0008\000\040\000S\000e\000t\000C\000p\000u\000U\000t\000i\000l\000i\000s\000a\000t\000i\000o\000n\000\050\000\051}{subsection.4.9.2}% 72
\BOOKMARK [3][-]{subsubsection.4.9.2.9}{\376\377\0004\000.\0009\000.\0002\000.\0009\000\040\000S\000e\000t\000P\000i\000d\000\050\000\051}{subsection.4.9.2}% 73
\BOOKMARK [3][-]{subsubsection.4.9.2.10}{\376\377\0004\000.\0009\000.\0002\000.\0001\0000\000\040\000S\000e\000t\000R\000a\000m\000\050\000\051}{subsection.4.9.2}% 74
\BOOKMARK [3][-]{subsubsection.4.9.2.11}{\376\377\0004\000.\0009\000.\0002\000.\0001\0001\000\040\000S\000e\000t\000U\000p\000T\000i\000m\000e\000\050\000\051}{subsection.4.9.2}% 75
\BOOKMARK [3][-]{subsubsection.4.9.2.12}{\376\377\0004\000.\0009\000.\0002\000.\0001\0002\000\040\000S\000e\000t\000U\000s\000e\000r\000\050\000\051}{subsection.4.9.2}% 76
\BOOKMARK [3][-]{subsubsection.4.9.2.13}{\376\377\0004\000.\0009\000.\0002\000.\0001\0003\000\040\000U\000p\000T\000i\000m\000e\000\050\000\051}{subsection.4.9.2}% 77
\BOOKMARK [3][-]{subsubsection.4.9.2.14}{\376\377\0004\000.\0009\000.\0002\000.\0001\0004\000\040\000U\000s\000e\000r\000\050\000\051}{subsection.4.9.2}% 78
\BOOKMARK [1][-]{section.4.10}{\376\377\0004\000.\0001\0000\000\040\000P\000r\000o\000c\000e\000s\000s\000o\000r\000\040\000C\000l\000a\000s\000s\000\040\000R\000e\000f\000e\000r\000e\000n\000c\000e}{chapter.4}% 79
\BOOKMARK [2][-]{subsection.4.10.1}{\376\377\0004\000.\0001\0000\000.\0001\000\040\000D\000e\000t\000a\000i\000l\000e\000d\000\040\000D\000e\000s\000c\000r\000i\000p\000t\000i\000o\000n}{section.4.10}% 80
\BOOKMARK [2][-]{subsection.4.10.2}{\376\377\0004\000.\0001\0000\000.\0002\000\040\000M\000e\000m\000b\000e\000r\000\040\000F\000u\000n\000c\000t\000i\000o\000n\000\040\000D\000o\000c\000u\000m\000e\000n\000t\000a\000t\000i\000o\000n}{section.4.10}% 81
\BOOKMARK [3][-]{subsubsection.4.10.2.1}{\376\377\0004\000.\0001\0000\000.\0002\000.\0001\000\040\000E\000C\000o\000r\000e\000s\000\050\000\051}{subsection.4.10.2}% 82
\BOOKMARK [3][-]{subsubsection.4.10.2.2}{\376\377\0004\000.\0001\0000\000.\0002\000.\0002\000\040\000H\000y\000p\000e\000r\000T\000h\000r\000e\000a\000d\000e\000d\000C\000o\000r\000e\000s\000\050\000\051}{subsection.4.10.2}% 83
\BOOKMARK [3][-]{subsubsection.4.10.2.3}{\376\377\0004\000.\0001\0000\000.\0002\000.\0003\000\040\000L\000o\000g\000i\000c\000a\000l\000C\000o\000r\000e\000s\000\050\000\051}{subsection.4.10.2}% 84
\BOOKMARK [3][-]{subsubsection.4.10.2.4}{\376\377\0004\000.\0001\0000\000.\0002\000.\0004\000\040\000P\000C\000o\000r\000e\000s\000\050\000\051}{subsection.4.10.2}% 85
\BOOKMARK [3][-]{subsubsection.4.10.2.5}{\376\377\0004\000.\0001\0000\000.\0002\000.\0005\000\040\000P\000h\000y\000s\000i\000c\000a\000l\000C\000o\000r\000e\000s\000\050\000\051}{subsection.4.10.2}% 86
\BOOKMARK [3][-]{subsubsection.4.10.2.6}{\376\377\0004\000.\0001\0000\000.\0002\000.\0006\000\040\000T\000e\000m\000p\000e\000r\000a\000t\000u\000r\000e\000\050\000\051}{subsection.4.10.2}% 87
\BOOKMARK [3][-]{subsubsection.4.10.2.7}{\376\377\0004\000.\0001\0000\000.\0002\000.\0007\000\040\000U\000p\000d\000a\000t\000e\000U\000t\000i\000l\000i\000s\000a\000t\000i\000o\000n\000s\000\050\000\051}{subsection.4.10.2}% 88
\BOOKMARK [3][-]{subsubsection.4.10.2.8}{\376\377\0004\000.\0001\0000\000.\0002\000.\0008\000\040\000U\000t\000i\000l\000i\000s\000a\000t\000i\000o\000n\000s\000\050\000\051}{subsection.4.10.2}% 89
\BOOKMARK [1][-]{section.4.11}{\376\377\0004\000.\0001\0001\000\040\000S\000y\000s\000t\000e\000m\000\040\000C\000l\000a\000s\000s\000\040\000R\000e\000f\000e\000r\000e\000n\000c\000e}{chapter.4}% 90
\BOOKMARK [2][-]{subsection.4.11.1}{\376\377\0004\000.\0001\0001\000.\0001\000\040\000D\000e\000t\000a\000i\000l\000e\000d\000\040\000D\000e\000s\000c\000r\000i\000p\000t\000i\000o\000n}{section.4.11}% 91
\BOOKMARK [2][-]{subsection.4.11.2}{\376\377\0004\000.\0001\0001\000.\0002\000\040\000M\000e\000m\000b\000e\000r\000\040\000F\000u\000n\000c\000t\000i\000o\000n\000\040\000D\000o\000c\000u\000m\000e\000n\000t\000a\000t\000i\000o\000n}{section.4.11}% 92
\BOOKMARK [3][-]{subsubsection.4.11.2.1}{\376\377\0004\000.\0001\0001\000.\0002\000.\0001\000\040\000B\000i\000n\000d\000T\000o\000A\000l\000l\000C\000o\000r\000e\000s\000\050\000\051}{subsection.4.11.2}% 93
\BOOKMARK [3][-]{subsubsection.4.11.2.2}{\376\377\0004\000.\0001\0001\000.\0002\000.\0002\000\040\000B\000i\000n\000d\000T\000o\000E\000C\000o\000r\000e\000s\000\050\000\051}{subsection.4.11.2}% 94
\BOOKMARK [3][-]{subsubsection.4.11.2.3}{\376\377\0004\000.\0001\0001\000.\0002\000.\0003\000\040\000B\000i\000n\000d\000T\000o\000P\000A\000n\000d\000E\000C\000o\000r\000e\000s\000\050\000\051}{subsection.4.11.2}% 95
\BOOKMARK [3][-]{subsubsection.4.11.2.4}{\376\377\0004\000.\0001\0001\000.\0002\000.\0004\000\040\000B\000i\000n\000d\000T\000o\000P\000C\000o\000r\000e\000s\000\050\000\051}{subsection.4.11.2}% 96
\BOOKMARK [3][-]{subsubsection.4.11.2.5}{\376\377\0004\000.\0001\0001\000.\0002\000.\0005\000\040\000C\000p\000u\000T\000e\000m\000p\000e\000r\000a\000t\000u\000r\000e\000\050\000\051}{subsection.4.11.2}% 97
\BOOKMARK [3][-]{subsubsection.4.11.2.6}{\376\377\0004\000.\0001\0001\000.\0002\000.\0006\000\040\000C\000p\000u\000U\000t\000i\000l\000i\000s\000a\000t\000i\000o\000n\000s\000\050\000\051}{subsection.4.11.2}% 98
\BOOKMARK [3][-]{subsubsection.4.11.2.7}{\376\377\0004\000.\0001\0001\000.\0002\000.\0007\000\040\000E\000n\000e\000r\000g\000y\000C\000a\000p\000\050\000\051}{subsection.4.11.2}% 99
\BOOKMARK [3][-]{subsubsection.4.11.2.8}{\376\377\0004\000.\0001\0001\000.\0002\000.\0008\000\040\000H\000o\000u\000r\000s\000E\000n\000e\000r\000g\000y\000U\000s\000a\000g\000e\000s\000\050\000\051}{subsection.4.11.2}% 100
\BOOKMARK [3][-]{subsubsection.4.11.2.9}{\376\377\0004\000.\0001\0001\000.\0002\000.\0009\000\040\000I\000n\000s\000t\000a\000n\000c\000e\000\050\000\051}{subsection.4.11.2}% 101
\BOOKMARK [3][-]{subsubsection.4.11.2.10}{\376\377\0004\000.\0001\0001\000.\0002\000.\0001\0000\000\040\000K\000e\000r\000n\000e\000l\000\050\000\051}{subsection.4.11.2}% 102
\BOOKMARK [3][-]{subsubsection.4.11.2.11}{\376\377\0004\000.\0001\0001\000.\0002\000.\0001\0001\000\040\000L\000a\000s\000t\000W\000e\000e\000k\000E\000n\000e\000r\000g\000y\000U\000s\000a\000g\000e\000\050\000\051}{subsection.4.11.2}% 103
\BOOKMARK [3][-]{subsubsection.4.11.2.12}{\376\377\0004\000.\0001\0001\000.\0002\000.\0001\0002\000\040\000M\000e\000m\000o\000r\000y\000U\000t\000i\000l\000i\000s\000a\000t\000i\000o\000n\000\050\000\051}{subsection.4.11.2}% 104
\BOOKMARK [3][-]{subsubsection.4.11.2.13}{\376\377\0004\000.\0001\0001\000.\0002\000.\0001\0003\000\040\000O\000p\000e\000r\000a\000t\000i\000n\000g\000S\000y\000s\000t\000e\000m\000\050\000\051}{subsection.4.11.2}% 105
\BOOKMARK [3][-]{subsubsection.4.11.2.14}{\376\377\0004\000.\0001\0001\000.\0002\000.\0001\0004\000\040\000P\000o\000w\000e\000r\000U\000s\000a\000g\000e\000\050\000\051}{subsection.4.11.2}% 106
\BOOKMARK [3][-]{subsubsection.4.11.2.15}{\376\377\0004\000.\0001\0001\000.\0002\000.\0001\0005\000\040\000R\000u\000n\000n\000i\000n\000g\000P\000r\000o\000c\000e\000s\000s\000e\000s\000\050\000\051}{subsection.4.11.2}% 107
\BOOKMARK [3][-]{subsubsection.4.11.2.16}{\376\377\0004\000.\0001\0001\000.\0002\000.\0001\0006\000\040\000S\000e\000t\000E\000n\000e\000r\000g\000y\000C\000a\000p\000\050\000\051}{subsection.4.11.2}% 108
\BOOKMARK [3][-]{subsubsection.4.11.2.17}{\376\377\0004\000.\0001\0001\000.\0002\000.\0001\0007\000\040\000S\000o\000r\000t\000e\000d\000P\000r\000o\000c\000e\000s\000s\000e\000s\000\050\000\051}{subsection.4.11.2}% 109
\BOOKMARK [3][-]{subsubsection.4.11.2.18}{\376\377\0004\000.\0001\0001\000.\0002\000.\0001\0008\000\040\000T\000o\000t\000a\000l\000E\000n\000e\000r\000g\000y\000U\000s\000a\000g\000e\000\050\000\051}{subsection.4.11.2}% 110
\BOOKMARK [3][-]{subsubsection.4.11.2.19}{\376\377\0004\000.\0001\0001\000.\0002\000.\0001\0009\000\040\000T\000o\000t\000a\000l\000E\000n\000e\000r\000g\000y\000U\000s\000a\000g\000e\000L\000a\000s\000t\000W\000e\000e\000k\000\050\000\051}{subsection.4.11.2}% 111
\BOOKMARK [3][-]{subsubsection.4.11.2.20}{\376\377\0004\000.\0001\0001\000.\0002\000.\0002\0000\000\040\000T\000o\000t\000a\000l\000M\000e\000m\000o\000r\000y\000\050\000\051}{subsection.4.11.2}% 112
\BOOKMARK [3][-]{subsubsection.4.11.2.21}{\376\377\0004\000.\0001\0001\000.\0002\000.\0002\0001\000\040\000T\000o\000t\000a\000l\000P\000r\000o\000c\000e\000s\000s\000e\000s\000\050\000\051}{subsection.4.11.2}% 113
\BOOKMARK [3][-]{subsubsection.4.11.2.22}{\376\377\0004\000.\0001\0001\000.\0002\000.\0002\0002\000\040\000U\000p\000T\000i\000m\000e\000\050\000\051}{subsection.4.11.2}% 114
\BOOKMARK [3][-]{subsubsection.4.11.2.23}{\376\377\0004\000.\0001\0001\000.\0002\000.\0002\0003\000\040\000U\000s\000e\000d\000M\000e\000m\000o\000r\000y\000\050\000\051}{subsection.4.11.2}% 115
\BOOKMARK [1][-]{section.4.12}{\376\377\0004\000.\0001\0002\000\040\000S\000y\000s\000t\000e\000m\000P\000a\000r\000s\000e\000r\000\040\000C\000l\000a\000s\000s\000\040\000R\000e\000f\000e\000r\000e\000n\000c\000e}{chapter.4}% 116
\BOOKMARK [0][-]{chapter.5}{\376\377\0005\000\040\000F\000i\000l\000e\000\040\000D\000o\000c\000u\000m\000e\000n\000t\000a\000t\000i\000o\000n}{}% 117
\BOOKMARK [1][-]{section.5.1}{\376\377\0005\000.\0001\000\040\000c\000o\000m\000m\000a\000n\000d\000.\000h}{chapter.5}% 118
\BOOKMARK [1][-]{section.5.2}{\376\377\0005\000.\0002\000\040\000d\000a\000t\000e\000\137\000t\000i\000m\000e\000.\000h}{chapter.5}% 119
\BOOKMARK [1][-]{section.5.3}{\376\377\0005\000.\0003\000\040\000f\000o\000r\000m\000a\000t\000.\000h}{chapter.5}% 120
\BOOKMARK [1][-]{section.5.4}{\376\377\0005\000.\0004\000\040\000m\000a\000i\000n\000w\000i\000n\000d\000o\000w\000.\000h}{chapter.5}% 121
\BOOKMARK [1][-]{section.5.5}{\376\377\0005\000.\0005\000\040\000m\000e\000m\000o\000r\000y\000.\000h}{chapter.5}% 122
\BOOKMARK [1][-]{section.5.6}{\376\377\0005\000.\0006\000\040\000p\000o\000w\000e\000r\000.\000h}{chapter.5}% 123
\BOOKMARK [1][-]{section.5.7}{\376\377\0005\000.\0007\000\040\000p\000o\000w\000e\000r\000\137\000d\000a\000o\000.\000h}{chapter.5}% 124
\BOOKMARK [1][-]{section.5.8}{\376\377\0005\000.\0008\000\040\000p\000r\000o\000c\000e\000s\000s\000.\000h}{chapter.5}% 125
\BOOKMARK [1][-]{section.5.9}{\376\377\0005\000.\0009\000\040\000p\000r\000o\000c\000e\000s\000s\000o\000r\000.\000h}{chapter.5}% 126
\BOOKMARK [1][-]{section.5.10}{\376\377\0005\000.\0001\0000\000\040\000s\000y\000s\000t\000e\000m\000.\000h}{chapter.5}% 127
\BOOKMARK [1][-]{section.5.11}{\376\377\0005\000.\0001\0001\000\040\000s\000y\000s\000t\000e\000m\000\137\000p\000a\000r\000s\000e\000r\000.\000h}{chapter.5}% 128
\BOOKMARK [0][-]{section*.17}{\376\377\000I\000n\000d\000e\000x}{}% 129
